{
  "RSpec": {
    "coverage": {
      "/home/bold-waterfall-e49d/tic-tac-toe-rb-ruby-intro-000/lib/tic_tac_toe.rb": [
        1,
        null,
        null,
        1,
        null,
        null,
        null,
        null,
        null,
        null,
        null,
        null,
        null,
        1,
        2,
        2,
        2,
        2,
        2,
        null,
        null,
        1,
        6,
        6,
        null,
        null,
        1,
        3,
        null,
        null,
        1,
        8,
        null,
        null,
        1,
        6,
        null,
        null,
        1,
        2,
        2,
        2,
        18,
        5,
        null,
        18,
        null,
        2,
        null,
        null,
        1,
        1,
        1,
        null,
        0,
        null,
        null,
        null,
        1,
        3,
        3,
        3,
        3,
        2,
        0,
        null,
        1,
        null,
        null,
        null,
        1,
        8,
        8,
        64,
        6,
        null,
        null,
        8,
        null,
        null,
        1,
        15,
        15,
        7,
        null,
        15,
        null,
        null,
        1,
        6,
        1,
        5,
        2,
        3,
        3,
        null,
        null,
        null,
        1,
        3,
        null,
        null,
        1,
        3,
        3,
        24,
        1,
        23,
        1,
        null,
        null,
        3,
        null,
        null,
        1,
        0,
        0,
        null,
        null,
        null,
        null,
        null,
        null,
        null,
        null,
        null,
        null
      ]
    },
    "timestamp": 1612469485
  }
}
