{
  "RSpec": {
    "coverage": {
      "/home/bold-waterfall-e49d/tic-tac-toe-rb-ruby-intro-000/lib/tic_tac_toe.rb": [
        null,
        null,
        null,
        1,
        null,
        null,
        null,
        null,
        null,
        null,
        null,
        null,
        null,
        1,
        18,
        18,
        18,
        18,
        18,
        null,
        null,
        1,
        18,
        18,
        null,
        null,
        1,
        18,
        null,
        null,
        1,
        18,
        null,
        null,
        1,
        18,
        null,
        null,
        1,
        18,
        18,
        18,
        162,
        27,
        null,
        162,
        null,
        18,
        null,
        null,
        1,
        18,
        11,
        null,
        7,
        null,
        null,
        null,
        1,
        18,
        18,
        18,
        18,
        18,
        18,
        18,
        null,
        0,
        null,
        null,
        null,
        1,
        18,
        18,
        144,
        4,
        null,
        null,
        18,
        null,
        null,
        1,
        34,
        34,
        4,
        null,
        34,
        null,
        null,
        1,
        20,
        null,
        null,
        null,
        null,
        null,
        null,
        null,
        null,
        null,
        null,
        null,
        null,
        1,
        19,
        null,
        null,
        1,
        22,
        22,
        176,
        6,
        170,
        2,
        null,
        null,
        22,
        null,
        null,
        1,
        12,
        18,
        null,
        null,
        12,
        12,
        12,
        12,
        12,
        12,
        null,
        null,
        null,
        null,
        null,
        null,
        null,
        null,
        null,
        null,
        null,
        null,
        null,
        null,
        null,
        null,
        null,
        null,
        null,
        null,
        null,
        null,
        null,
        null,
        null,
        null
      ]
    },
    "timestamp": 1612472171
  }
}
